<?xml version="1.0" encoding="UTF-8"?>
<!-- Generated by org.testng.reporters.JUnitReportReporter -->
<testsuite hostname="Sathvik" failures="0" tests="4" name="org.selenium.pom.tests.MyFirstTestCase" time="59.341" errors="0" timestamp="2022-08-15T12:36:30 IST" skipped="0">
  <testcase classname="org.selenium.pom.tests.MyFirstTestCase" name="loginAndCheckoutUsingDirectBankTransfer" time="17.223"/>
  <system-out/>
  <testcase classname="org.selenium.pom.tests.MyFirstTestCase" name="guestCheckoutUsingDirectBankTransfer" time="16.553"/>
  <system-out/>
  <testcase classname="org.selenium.pom.tests.MyFirstTestCase" name="guestCheckoutUsingDirectBankTransfer" time="13.244"/>
  <system-out/>
  <testcase classname="org.selenium.pom.tests.MyFirstTestCase" name="loginAndCheckoutUsingDirectBankTransfer" time="12.321"/>
  <system-out/>
</testsuite> <!-- org.selenium.pom.tests.MyFirstTestCase -->
